# JRE version: Java(TM) SE Runtime Environment 18.9 (11.0.22+9) (build 11.0.22+9-LTS-219)
# Java VM: Java HotSpot(TM) 64-Bit Server VM 18.9 (11.0.22+9-LTS-219, mixed mode, tiered, compressed oops, g1 gc, windows-amd64)
Heap:
 garbage-first heap   total 40960K, used 20096K [0x00000000e0000000, 0x0000000100000000)
  region size 1024K, 4 young (4096K), 1 survivors (1024K)
 Metaspace       used 18482K, capacity 18948K, committed 19072K, reserved 83968K
  class space    used 1942K, capacity 2129K, committed 2176K, reserved 65536K
GC Heap History (10 events):
Event: 9.256 GC heap before
{Heap before GC invocations=4 (full 2):
 garbage-first heap   total 40960K, used 28172K [0x00000000e0000000, 0x0000000100000000)
  region size 1024K, 15 young (15360K), 0 survivors (0K)
 Metaspace       used 10116K, capacity 10475K, committed 10496K, reserved 75776K
  class space    used 911K, capacity 1018K, committed 1024K, reserved 65536K
}
Event: 9.260 GC heap after
{Heap after GC invocations=5 (full 2):
 garbage-first heap   total 40960K, used 17771K [0x00000000e0000000, 0x0000000100000000)
  region size 1024K, 2 young (2048K), 2 survivors (2048K)
 Metaspace       used 10116K, capacity 10475K, committed 10496K, reserved 75776K
  class space    used 911K, capacity 1018K, committed 1024K, reserved 65536K
}
Event: 10.257 GC heap before
{Heap before GC invocations=5 (full 2):
 garbage-first heap   total 40960K, used 29035K [0x00000000e0000000, 0x0000000100000000)
  region size 1024K, 13 young (13312K), 2 survivors (2048K)
 Metaspace       used 11821K, capacity 12211K, committed 12416K, reserved 77824K
  class space    used 1149K, capacity 1283K, committed 1408K, reserved 65536K
}
Event: 10.261 GC heap after
{Heap after GC invocations=6 (full 2):
 garbage-first heap   total 40960K, used 18089K [0x00000000e0000000, 0x0000000100000000)
  region size 1024K, 1 young (1024K), 1 survivors (1024K)
 Metaspace       used 11821K, capacity 12211K, committed 12416K, reserved 77824K
  class space    used 1149K, capacity 1283K, committed 1408K, reserved 65536K
}
Event: 10.698 GC heap before
{Heap before GC invocations=6 (full 2):
 garbage-first heap   total 40960K, used 29353K [0x00000000e0000000, 0x0000000100000000)
  region size 1024K, 12 young (12288K), 1 survivors (1024K)
 Metaspace       used 13451K, capacity 13844K, committed 14080K, reserved 79872K
  class space    used 1355K, capacity 1485K, committed 1536K, reserved 65536K
}
Event: 10.700 GC heap after
{Heap after GC invocations=7 (full 2):
 garbage-first heap   total 40960K, used 18634K [0x00000000e0000000, 0x0000000100000000)
  region size 1024K, 1 young (1024K), 1 survivors (1024K)
 Metaspace       used 13451K, capacity 13844K, committed 14080K, reserved 79872K
  class space    used 1355K, capacity 1485K, committed 1536K, reserved 65536K
}
Event: 11.921 GC heap before
{Heap before GC invocations=8 (full 2):
 garbage-first heap   total 40960K, used 28874K [0x00000000e0000000, 0x0000000100000000)
  region size 1024K, 12 young (12288K), 1 survivors (1024K)
 Metaspace       used 16646K, capacity 17048K, committed 17280K, reserved 81920K
  class space    used 1724K, capacity 1880K, committed 1920K, reserved 65536K
}
Event: 11.926 GC heap after
{Heap after GC invocations=9 (full 2):
 garbage-first heap   total 40960K, used 19561K [0x00000000e0000000, 0x0000000100000000)
  region size 1024K, 2 young (2048K), 2 survivors (2048K)
 Metaspace       used 16646K, capacity 17048K, committed 17280K, reserved 81920K
  class space    used 1724K, capacity 1880K, committed 1920K, reserved 65536K
}
Event: 12.287 GC heap before
{Heap before GC invocations=9 (full 2):
 garbage-first heap   total 40960K, used 20585K [0x00000000e0000000, 0x0000000100000000)
  region size 1024K, 3 young (3072K), 2 survivors (2048K)
 Metaspace       used 17810K, capacity 18194K, committed 18432K, reserved 81920K
  class space    used 1860K, capacity 2028K, committed 2048K, reserved 65536K
}
Event: 12.293 GC heap after
{Heap after GC invocations=10 (full 2):
 garbage-first heap   total 40960K, used 18048K [0x00000000e0000000, 0x0000000100000000)
  region size 1024K, 1 young (1024K), 1 survivors (1024K)
 Metaspace       used 17810K, capacity 18194K, committed 18432K, reserved 81920K
  class space    used 1860K, capacity 2028K, committed 2048K, reserved 65536K
}

